<?xml version="1.0" encoding="UTF-8"?>
<testng-results skipped="0" failed="1" ignored="17" total="36" passed="18">
  <reporter-output>
  </reporter-output>
  <suite name="Qasim-Suite" duration-ms="481656" started-at="2018-01-24T19:56:04Z" finished-at="2018-01-24T20:04:05Z">
    <groups>
    </groups>
    <test name="All-Suite" duration-ms="115" started-at="2018-01-24T19:56:04Z" finished-at="2018-01-24T19:56:04Z">
      <class name="com.qasim.test.CSVloginAndroid">
        <test-method status="PASS" signature="Start(org.testng.ITestContext)[pri:0, instance:com.qasim.test.CSVloginAndroid@7cd62f43]" name="Start" duration-ms="27" started-at="2018-01-24T21:56:04Z" finished-at="2018-01-24T21:56:04Z">
          <params>
            <param index="0">
              <value>
                <![CDATA[org.testng.TestRunner@59914173]]>
              </value>
            </param>
          </params>
          <reporter-output>
          </reporter-output>
        </test-method> <!-- Start -->
      </class> <!-- com.qasim.test.CSVloginAndroid -->
      <class name="com.qasim.test.downloadAppAndroid">
        <test-method status="PASS" signature="Start(org.testng.ITestContext)[pri:0, instance:com.qasim.test.downloadAppAndroid@6093dd95]" name="Start" duration-ms="22" started-at="2018-01-24T21:56:04Z" finished-at="2018-01-24T21:56:04Z">
          <params>
            <param index="0">
              <value>
                <![CDATA[org.testng.TestRunner@59914173]]>
              </value>
            </param>
          </params>
          <reporter-output>
          </reporter-output>
        </test-method> <!-- Start -->
      </class> <!-- com.qasim.test.downloadAppAndroid -->
      <class name="com.qasim.test.EribankMakePaymentAndroid">
        <test-method status="PASS" signature="Start(org.testng.ITestContext)[pri:0, instance:com.qasim.test.EribankMakePaymentAndroid@39c0f4a]" name="Start" duration-ms="32" started-at="2018-01-24T21:56:04Z" finished-at="2018-01-24T21:56:04Z">
          <params>
            <param index="0">
              <value>
                <![CDATA[org.testng.TestRunner@59914173]]>
              </value>
            </param>
          </params>
          <reporter-output>
          </reporter-output>
        </test-method> <!-- Start -->
      </class> <!-- com.qasim.test.EribankMakePaymentAndroid -->
      <class name="com.qasim.test.myAppPlay">
        <test-method status="PASS" signature="Start(org.testng.ITestContext)[pri:0, instance:com.qasim.test.myAppPlay@f6c48ac]" name="Start" duration-ms="22" started-at="2018-01-24T21:56:04Z" finished-at="2018-01-24T21:56:04Z">
          <params>
            <param index="0">
              <value>
                <![CDATA[org.testng.TestRunner@59914173]]>
              </value>
            </param>
          </params>
          <reporter-output>
          </reporter-output>
        </test-method> <!-- Start -->
      </class> <!-- com.qasim.test.myAppPlay -->
      <class name="com.qasim.test.CNNbAndroid">
        <test-method status="PASS" signature="Start(org.testng.ITestContext)[pri:0, instance:com.qasim.test.CNNbAndroid@685cb137]" name="Start" duration-ms="22" started-at="2018-01-24T21:56:04Z" finished-at="2018-01-24T21:56:04Z">
          <params>
            <param index="0">
              <value>
                <![CDATA[org.testng.TestRunner@59914173]]>
              </value>
            </param>
          </params>
          <reporter-output>
          </reporter-output>
        </test-method> <!-- Start -->
      </class> <!-- com.qasim.test.CNNbAndroid -->
      <class name="com.qasim.test.CNNaAndroid">
        <test-method status="PASS" signature="Start(org.testng.ITestContext)[pri:0, instance:com.qasim.test.CNNaAndroid@604ed9f0]" name="Start" duration-ms="32" started-at="2018-01-24T21:56:04Z" finished-at="2018-01-24T21:56:04Z">
          <params>
            <param index="0">
              <value>
                <![CDATA[org.testng.TestRunner@59914173]]>
              </value>
            </param>
          </params>
          <reporter-output>
          </reporter-output>
        </test-method> <!-- Start -->
        <test-method status="FAIL" signature="tearDown()[pri:0, instance:com.qasim.test.CNNaAndroid@604ed9f0]" name="tearDown" is-config="true" duration-ms="1" started-at="2018-01-24T21:56:04Z" finished-at="2018-01-24T21:56:04Z">
          <exception class="java.lang.NullPointerException">
            <full-stacktrace>
              <![CDATA[java.lang.NullPointerExceptionat com.qasim.framework.BaseTest.tearDown(BaseTest.java:143)at sun.reflect.NativeMethodAccessorImpl.invoke0(Native Method)at sun.reflect.NativeMethodAccessorImpl.invoke(Unknown Source)at sun.reflect.DelegatingMethodAccessorImpl.invoke(Unknown Source)at java.lang.reflect.Method.invoke(Unknown Source)at org.testng.internal.MethodInvocationHelper.invokeMethod(MethodInvocationHelper.java:124)at org.testng.internal.MethodInvocationHelper.invokeMethodConsideringTimeout(MethodInvocationHelper.java:59)at org.testng.internal.Invoker.invokeConfigurationMethod(Invoker.java:451)at org.testng.internal.Invoker.invokeConfigurations(Invoker.java:222)at org.testng.internal.Invoker.invokeConfigurations(Invoker.java:142)at org.testng.TestRunner.afterRun(TestRunner.java:725)at org.testng.TestRunner.run(TestRunner.java:509)at org.testng.SuiteRunner.runTest(SuiteRunner.java:455)at org.testng.SuiteRunner.runSequentially(SuiteRunner.java:450)at org.testng.SuiteRunner.privateRun(SuiteRunner.java:415)at org.testng.SuiteRunner.run(SuiteRunner.java:364)at org.testng.SuiteRunnerWorker.runSuite(SuiteRunnerWorker.java:52)at org.testng.SuiteRunnerWorker.run(SuiteRunnerWorker.java:84)at org.testng.TestNG.runSuitesSequentially(TestNG.java:1187)at org.testng.TestNG.runSuitesLocally(TestNG.java:1116)at org.testng.TestNG.runSuites(TestNG.java:1028)at org.testng.TestNG.run(TestNG.java:996)at org.testng.remote.AbstractRemoteTestNG.run(AbstractRemoteTestNG.java:114)at org.testng.remote.RemoteTestNG.initAndRun(RemoteTestNG.java:251)at org.testng.remote.RemoteTestNG.main(RemoteTestNG.java:77)]]>
            </full-stacktrace>
          </exception> <!-- java.lang.NullPointerException -->
          <reporter-output>
          </reporter-output>
        </test-method> <!-- tearDown -->
      </class> <!-- com.qasim.test.CNNaAndroid -->
      <class name="com.qasim.test.EribankMakePaymentIOS">
        <test-method status="PASS" signature="Start(org.testng.ITestContext)[pri:0, instance:com.qasim.test.EribankMakePaymentIOS@e25b2fe]" name="Start" duration-ms="23" started-at="2018-01-24T21:56:04Z" finished-at="2018-01-24T21:56:04Z">
          <params>
            <param index="0">
              <value>
                <![CDATA[org.testng.TestRunner@59914173]]>
              </value>
            </param>
          </params>
          <reporter-output>
          </reporter-output>
        </test-method> <!-- Start -->
      </class> <!-- com.qasim.test.EribankMakePaymentIOS -->
      <class name="com.qasim.test.CSVloginIOS">
        <test-method status="PASS" signature="Start(org.testng.ITestContext)[pri:0, instance:com.qasim.test.CSVloginIOS@6d4b1c02]" name="Start" duration-ms="32" started-at="2018-01-24T21:56:04Z" finished-at="2018-01-24T21:56:04Z">
          <params>
            <param index="0">
              <value>
                <![CDATA[org.testng.TestRunner@59914173]]>
              </value>
            </param>
          </params>
          <reporter-output>
          </reporter-output>
        </test-method> <!-- Start -->
      </class> <!-- com.qasim.test.CSVloginIOS -->
      <class name="com.qasim.test.downloadAppIOS">
        <test-method status="PASS" signature="Start(org.testng.ITestContext)[pri:0, instance:com.qasim.test.downloadAppIOS@5622fdf]" name="Start" duration-ms="22" started-at="2018-01-24T21:56:04Z" finished-at="2018-01-24T21:56:04Z">
          <params>
            <param index="0">
              <value>
                <![CDATA[org.testng.TestRunner@59914173]]>
              </value>
            </param>
          </params>
          <reporter-output>
          </reporter-output>
        </test-method> <!-- Start -->
      </class> <!-- com.qasim.test.downloadAppIOS -->
      <class name="com.qasim.test.CNNbIOS">
        <test-method status="PASS" signature="Start(org.testng.ITestContext)[pri:0, instance:com.qasim.test.CNNbIOS@6a41eaa2]" name="Start" duration-ms="25" started-at="2018-01-24T21:56:04Z" finished-at="2018-01-24T21:56:04Z">
          <params>
            <param index="0">
              <value>
                <![CDATA[org.testng.TestRunner@59914173]]>
              </value>
            </param>
          </params>
          <reporter-output>
          </reporter-output>
        </test-method> <!-- Start -->
      </class> <!-- com.qasim.test.CNNbIOS -->
      <class name="com.qasim.test.ebayProfitListingUpgrades">
        <test-method status="PASS" signature="Start(org.testng.ITestContext)[pri:0, instance:com.qasim.test.ebayProfitListingUpgrades@7d9d1a19]" name="Start" duration-ms="27" started-at="2018-01-24T21:56:04Z" finished-at="2018-01-24T21:56:04Z">
          <params>
            <param index="0">
              <value>
                <![CDATA[org.testng.TestRunner@59914173]]>
              </value>
            </param>
          </params>
          <reporter-output>
          </reporter-output>
        </test-method> <!-- Start -->
      </class> <!-- com.qasim.test.ebayProfitListingUpgrades -->
      <class name="com.qasim.test.CNNaIOS">
        <test-method status="PASS" signature="Start(org.testng.ITestContext)[pri:0, instance:com.qasim.test.CNNaIOS@6a4f787b]" name="Start" duration-ms="37" started-at="2018-01-24T21:56:04Z" finished-at="2018-01-24T21:56:04Z">
          <params>
            <param index="0">
              <value>
                <![CDATA[org.testng.TestRunner@59914173]]>
              </value>
            </param>
          </params>
          <reporter-output>
          </reporter-output>
        </test-method> <!-- Start -->
      </class> <!-- com.qasim.test.CNNaIOS -->
      <class name="com.qasim.test.myAppLogin">
        <test-method status="PASS" signature="Start(org.testng.ITestContext)[pri:0, instance:com.qasim.test.myAppLogin@6eebc39e]" name="Start" duration-ms="37" started-at="2018-01-24T21:56:04Z" finished-at="2018-01-24T21:56:04Z">
          <params>
            <param index="0">
              <value>
                <![CDATA[org.testng.TestRunner@59914173]]>
              </value>
            </param>
          </params>
          <reporter-output>
          </reporter-output>
        </test-method> <!-- Start -->
      </class> <!-- com.qasim.test.myAppLogin -->
      <class name="com.qasim.test.topTenAppsAndroid">
        <test-method status="PASS" signature="Start(org.testng.ITestContext)[pri:0, instance:com.qasim.test.topTenAppsAndroid@239963d8]" name="Start" duration-ms="22" started-at="2018-01-24T21:56:04Z" finished-at="2018-01-24T21:56:04Z">
          <params>
            <param index="0">
              <value>
                <![CDATA[org.testng.TestRunner@59914173]]>
              </value>
            </param>
          </params>
          <reporter-output>
          </reporter-output>
        </test-method> <!-- Start -->
      </class> <!-- com.qasim.test.topTenAppsAndroid -->
      <class name="com.qasim.test.failingTest">
        <test-method status="PASS" signature="Start(org.testng.ITestContext)[pri:0, instance:com.qasim.test.failingTest@146ba0ac]" name="Start" duration-ms="27" started-at="2018-01-24T21:56:04Z" finished-at="2018-01-24T21:56:04Z">
          <params>
            <param index="0">
              <value>
                <![CDATA[org.testng.TestRunner@59914173]]>
              </value>
            </param>
          </params>
          <reporter-output>
          </reporter-output>
        </test-method> <!-- Start -->
      </class> <!-- com.qasim.test.failingTest -->
      <class name="com.qasim.test.topTenAppsIOS">
        <test-method status="PASS" signature="Start(org.testng.ITestContext)[pri:0, instance:com.qasim.test.topTenAppsIOS@57fffcd7]" name="Start" duration-ms="32" started-at="2018-01-24T21:56:04Z" finished-at="2018-01-24T21:56:04Z">
          <params>
            <param index="0">
              <value>
                <![CDATA[org.testng.TestRunner@59914173]]>
              </value>
            </param>
          </params>
          <reporter-output>
          </reporter-output>
        </test-method> <!-- Start -->
      </class> <!-- com.qasim.test.topTenAppsIOS -->
      <class name="com.qasim.test.ebayProfitCalculate">
        <test-method status="PASS" signature="Start(org.testng.ITestContext)[pri:0, instance:com.qasim.test.ebayProfitCalculate@4883b407]" name="Start" duration-ms="22" started-at="2018-01-24T21:56:04Z" finished-at="2018-01-24T21:56:04Z">
          <params>
            <param index="0">
              <value>
                <![CDATA[org.testng.TestRunner@59914173]]>
              </value>
            </param>
          </params>
          <reporter-output>
          </reporter-output>
        </test-method> <!-- Start -->
      </class> <!-- com.qasim.test.ebayProfitCalculate -->
    </test> <!-- All-Suite -->
    <test name="One-Tset-On-One-Device" duration-ms="481444" started-at="2018-01-24T19:56:04Z" finished-at="2018-01-24T20:04:05Z">
      <class name="com.qasim.test.CSVloginIOS">
        <test-method status="FAIL" signature="Start(org.testng.ITestContext)[pri:0, instance:com.qasim.test.CSVloginIOS@25bbe1b6]" name="Start" duration-ms="480407" started-at="2018-01-24T21:56:04Z" finished-at="2018-01-24T22:04:04Z">
          <params>
            <param index="0">
              <value>
                <![CDATA[org.testng.TestRunner@45a23a58]]>
              </value>
            </param>
          </params>
          <exception class="com.experitest.client.InternalException">
            <message>
              <![CDATA[Connectivity Exception, verify studio is open and the right port is been used]]>
            </message>
            <full-stacktrace>
              <![CDATA[com.experitest.client.InternalException: Connectivity Exception, verify studio is open and the right port is been usedat com.experitest.client.JavaClientInternals.executeInternally(JavaClientInternals.java:192)at com.experitest.client.Client.execute(Client.java:247)at com.experitest.client.Client.collectSupportData(Client.java:604)at com.qasim.framework.BaseTest.startTest(BaseTest.java:208)at com.qasim.framework.BaseTest.Start(BaseTest.java:462)at sun.reflect.GeneratedMethodAccessor1.invoke(Unknown Source)at sun.reflect.DelegatingMethodAccessorImpl.invoke(Unknown Source)at java.lang.reflect.Method.invoke(Unknown Source)at org.testng.internal.MethodInvocationHelper.invokeMethod(MethodInvocationHelper.java:124)at org.testng.internal.Invoker.invokeMethod(Invoker.java:571)at org.testng.internal.Invoker.invokeTestMethod(Invoker.java:707)at org.testng.internal.Invoker.invokeTestMethods(Invoker.java:979)at org.testng.internal.TestMethodWorker.invokeTestMethods(TestMethodWorker.java:125)at org.testng.internal.TestMethodWorker.run(TestMethodWorker.java:109)at java.util.concurrent.ThreadPoolExecutor.runWorker(Unknown Source)at java.util.concurrent.ThreadPoolExecutor$Worker.run(Unknown Source)at java.lang.Thread.run(Unknown Source)Caused by: org.apache.xmlrpc.XmlRpcException: Failed to read server's response: Connection refused: connectat org.apache.xmlrpc.client.XmlRpcStreamTransport.sendRequest(XmlRpcStreamTransport.java:161)at org.apache.xmlrpc.client.XmlRpcHttpTransport.sendRequest(XmlRpcHttpTransport.java:115)at org.apache.xmlrpc.client.XmlRpcSunHttpTransport.sendRequest(XmlRpcSunHttpTransport.java:69)at org.apache.xmlrpc.client.XmlRpcClientWorker.execute(XmlRpcClientWorker.java:56)at org.apache.xmlrpc.client.XmlRpcClient.execute(XmlRpcClient.java:167)at org.apache.xmlrpc.client.XmlRpcClient.execute(XmlRpcClient.java:137)at org.apache.xmlrpc.client.XmlRpcClient.execute(XmlRpcClient.java:126)at com.experitest.client.JavaClientInternals.executeXmlRpcCommand(JavaClientInternals.java:285)at com.experitest.client.JavaClientInternals.executeInternally(JavaClientInternals.java:189)... 16 moreCaused by: java.net.ConnectException: Connection refused: connectat java.net.DualStackPlainSocketImpl.connect0(Native Method)at java.net.DualStackPlainSocketImpl.socketConnect(Unknown Source)at java.net.AbstractPlainSocketImpl.doConnect(Unknown Source)at java.net.AbstractPlainSocketImpl.connectToAddress(Unknown Source)at java.net.AbstractPlainSocketImpl.connect(Unknown Source)at java.net.PlainSocketImpl.connect(Unknown Source)at java.net.SocksSocketImpl.connect(Unknown Source)at java.net.Socket.connect(Unknown Source)at java.net.Socket.connect(Unknown Source)at sun.net.NetworkClient.doConnect(Unknown Source)at sun.net.www.http.HttpClient.openServer(Unknown Source)at sun.net.www.http.HttpClient.openServer(Unknown Source)at sun.net.www.http.HttpClient.<init>(Unknown Source)at sun.net.www.http.HttpClient.New(Unknown Source)at sun.net.www.http.HttpClient.New(Unknown Source)at sun.net.www.protocol.http.HttpURLConnection.getNewHttpClient(Unknown Source)at sun.net.www.protocol.http.HttpURLConnection.plainConnect0(Unknown Source)at sun.net.www.protocol.http.HttpURLConnection.plainConnect(Unknown Source)at sun.net.www.protocol.http.HttpURLConnection.connect(Unknown Source)at sun.net.www.protocol.http.HttpURLConnection.getOutputStream0(Unknown Source)at sun.net.www.protocol.http.HttpURLConnection.getOutputStream(Unknown Source)at org.apache.xmlrpc.client.XmlRpcSunHttpTransport.writeRequest(XmlRpcSunHttpTransport.java:104)at org.apache.xmlrpc.client.XmlRpcStreamTransport.sendRequest(XmlRpcStreamTransport.java:151)... 24 more]]>
            </full-stacktrace>
          </exception> <!-- com.experitest.client.InternalException -->
          <reporter-output>
          </reporter-output>
        </test-method> <!-- Start -->
      </class> <!-- com.qasim.test.CSVloginIOS -->
      <class name="com.qasim.test.CSVloginAndroid">
        <test-method status="PASS" signature="Start(org.testng.ITestContext)[pri:0, instance:com.qasim.test.CSVloginAndroid@ff5b51f]" name="Start" duration-ms="141946" started-at="2018-01-24T21:56:04Z" finished-at="2018-01-24T21:58:26Z">
          <params>
            <param index="0">
              <value>
                <![CDATA[org.testng.TestRunner@45a23a58]]>
              </value>
            </param>
          </params>
          <reporter-output>
          </reporter-output>
        </test-method> <!-- Start -->
        <test-method status="FAIL" signature="tearDown()[pri:0, instance:com.qasim.test.CSVloginAndroid@ff5b51f]" name="tearDown" is-config="true" duration-ms="1002" started-at="2018-01-24T22:04:04Z" finished-at="2018-01-24T22:04:05Z">
          <exception class="com.experitest.client.InternalException">
            <message>
              <![CDATA[Connectivity Exception, verify studio is open and the right port is been used]]>
            </message>
            <full-stacktrace>
              <![CDATA[com.experitest.client.InternalException: Connectivity Exception, verify studio is open and the right port is been usedat com.experitest.client.JavaClientInternals.executeInternally(JavaClientInternals.java:192)at com.experitest.client.Client.execute(Client.java:247)at com.experitest.client.Client.releaseClient(Client.java:1792)at com.qasim.framework.BaseTest.tearDown(BaseTest.java:143)at sun.reflect.NativeMethodAccessorImpl.invoke0(Native Method)at sun.reflect.NativeMethodAccessorImpl.invoke(Unknown Source)at sun.reflect.DelegatingMethodAccessorImpl.invoke(Unknown Source)at java.lang.reflect.Method.invoke(Unknown Source)at org.testng.internal.MethodInvocationHelper.invokeMethod(MethodInvocationHelper.java:124)at org.testng.internal.MethodInvocationHelper.invokeMethodConsideringTimeout(MethodInvocationHelper.java:59)at org.testng.internal.Invoker.invokeConfigurationMethod(Invoker.java:451)at org.testng.internal.Invoker.invokeConfigurations(Invoker.java:222)at org.testng.internal.Invoker.invokeConfigurations(Invoker.java:142)at org.testng.TestRunner.afterRun(TestRunner.java:725)at org.testng.TestRunner.run(TestRunner.java:509)at org.testng.SuiteRunner.runTest(SuiteRunner.java:455)at org.testng.SuiteRunner.runSequentially(SuiteRunner.java:450)at org.testng.SuiteRunner.privateRun(SuiteRunner.java:415)at org.testng.SuiteRunner.run(SuiteRunner.java:364)at org.testng.SuiteRunnerWorker.runSuite(SuiteRunnerWorker.java:52)at org.testng.SuiteRunnerWorker.run(SuiteRunnerWorker.java:84)at org.testng.TestNG.runSuitesSequentially(TestNG.java:1187)at org.testng.TestNG.runSuitesLocally(TestNG.java:1116)at org.testng.TestNG.runSuites(TestNG.java:1028)at org.testng.TestNG.run(TestNG.java:996)at org.testng.remote.AbstractRemoteTestNG.run(AbstractRemoteTestNG.java:114)at org.testng.remote.RemoteTestNG.initAndRun(RemoteTestNG.java:251)at org.testng.remote.RemoteTestNG.main(RemoteTestNG.java:77)Caused by: org.apache.xmlrpc.XmlRpcException: Failed to read server's response: Connection refused: connectat org.apache.xmlrpc.client.XmlRpcStreamTransport.sendRequest(XmlRpcStreamTransport.java:161)at org.apache.xmlrpc.client.XmlRpcHttpTransport.sendRequest(XmlRpcHttpTransport.java:115)at org.apache.xmlrpc.client.XmlRpcSunHttpTransport.sendRequest(XmlRpcSunHttpTransport.java:69)at org.apache.xmlrpc.client.XmlRpcClientWorker.execute(XmlRpcClientWorker.java:56)at org.apache.xmlrpc.client.XmlRpcClient.execute(XmlRpcClient.java:167)at org.apache.xmlrpc.client.XmlRpcClient.execute(XmlRpcClient.java:137)at org.apache.xmlrpc.client.XmlRpcClient.execute(XmlRpcClient.java:126)at com.experitest.client.JavaClientInternals.executeXmlRpcCommand(JavaClientInternals.java:285)at com.experitest.client.JavaClientInternals.executeInternally(JavaClientInternals.java:189)... 27 moreCaused by: java.net.ConnectException: Connection refused: connectat java.net.DualStackPlainSocketImpl.connect0(Native Method)at java.net.DualStackPlainSocketImpl.socketConnect(Unknown Source)at java.net.AbstractPlainSocketImpl.doConnect(Unknown Source)at java.net.AbstractPlainSocketImpl.connectToAddress(Unknown Source)at java.net.AbstractPlainSocketImpl.connect(Unknown Source)at java.net.PlainSocketImpl.connect(Unknown Source)at java.net.SocksSocketImpl.connect(Unknown Source)at java.net.Socket.connect(Unknown Source)at java.net.Socket.connect(Unknown Source)at sun.net.NetworkClient.doConnect(Unknown Source)at sun.net.www.http.HttpClient.openServer(Unknown Source)at sun.net.www.http.HttpClient.openServer(Unknown Source)at sun.net.www.http.HttpClient.<init>(Unknown Source)at sun.net.www.http.HttpClient.New(Unknown Source)at sun.net.www.http.HttpClient.New(Unknown Source)at sun.net.www.protocol.http.HttpURLConnection.getNewHttpClient(Unknown Source)at sun.net.www.protocol.http.HttpURLConnection.plainConnect0(Unknown Source)at sun.net.www.protocol.http.HttpURLConnection.plainConnect(Unknown Source)at sun.net.www.protocol.http.HttpURLConnection.connect(Unknown Source)at sun.net.www.protocol.http.HttpURLConnection.getOutputStream0(Unknown Source)at sun.net.www.protocol.http.HttpURLConnection.getOutputStream(Unknown Source)at org.apache.xmlrpc.client.XmlRpcSunHttpTransport.writeRequest(XmlRpcSunHttpTransport.java:104)at org.apache.xmlrpc.client.XmlRpcStreamTransport.sendRequest(XmlRpcStreamTransport.java:151)... 35 more]]>
            </full-stacktrace>
          </exception> <!-- com.experitest.client.InternalException -->
          <reporter-output>
          </reporter-output>
        </test-method> <!-- tearDown -->
      </class> <!-- com.qasim.test.CSVloginAndroid -->
    </test> <!-- One-Tset-On-One-Device -->
  </suite> <!-- Qasim-Suite -->
</testng-results>
